[debug] [2021-07-29T02:31:30.989Z] ----------------------------------------------------------------------
[debug] [2021-07-29T02:31:30.991Z] Command:       C:\Program Files\nodejs\node.exe C:\Users\IRON FIST\AppData\Roaming\npm\node_modules\firebase-tools\lib\bin\firebase.js init
[debug] [2021-07-29T02:31:30.991Z] CLI Version:   9.16.0
[debug] [2021-07-29T02:31:30.991Z] Platform:      win32
[debug] [2021-07-29T02:31:30.992Z] Node Version:  v14.16.1
[debug] [2021-07-29T02:31:30.993Z] Time:          Thu Jul 29 2021 08:01:30 GMT+0530 (India Standard Time)
[debug] [2021-07-29T02:31:30.993Z] ----------------------------------------------------------------------
[debug] 
[debug] [2021-07-29T02:31:30.999Z] > command requires scopes: ["email","openid","https://www.googleapis.com/auth/cloudplatformprojects.readonly","https://www.googleapis.com/auth/firebase","https://www.googleapis.com/auth/cloud-platform"]
[debug] [2021-07-29T02:31:30.999Z] > authorizing via signed-in user (17co55@aitdgoa.edu.in)
[info] 
     ######## #### ########  ######## ########     ###     ######  ########
     ##        ##  ##     ## ##       ##     ##  ##   ##  ##       ##
     ######    ##  ########  ######   ########  #########  ######  ######
     ##        ##  ##    ##  ##       ##     ## ##     ##       ## ##
     ##       #### ##     ## ######## ########  ##     ##  ######  ########

You're about to initialize a Firebase project in this directory:

  D:\doyoproject\DoyoApp

[info] 
=== Project Setup
[info] 
[info] First, let's associate this project directory with a Firebase project.
[info] You can create multiple project aliases by running firebase use --add, 
[info] but for now we'll just set up a default project.
[info] 
[info] i  If you want to create a project in a Google Cloud organization or folder, please use "firebase projects:create" instead, and return to this command when you've created the project. 
